Determining if the pthread_create exist failed with the following output:
Change Dir: /usr/prakt/s156/cuda_ss17/Day1/Convolution/build_cmake/CMakeFiles/CMakeTmp

Run Build Command:"/usr/bin/make" "cmTC_f7fb1/fast"
/usr/bin/make -f CMakeFiles/cmTC_f7fb1.dir/build.make CMakeFiles/cmTC_f7fb1.dir/build
make[1]: Entering directory '/usr/prakt/s156/cuda_ss17/Day1/Convolution/build_cmake/CMakeFiles/CMakeTmp'
Building C object CMakeFiles/cmTC_f7fb1.dir/CheckSymbolExists.c.o
/usr/bin/cc    -fPIC    -o CMakeFiles/cmTC_f7fb1.dir/CheckSymbolExists.c.o   -c /usr/prakt/s156/cuda_ss17/Day1/Convolution/build_cmake/CMakeFiles/CMakeTmp/CheckSymbolExists.c
Linking C executable cmTC_f7fb1
/usr/bin/cmake -E cmake_link_script CMakeFiles/cmTC_f7fb1.dir/link.txt --verbose=1
/usr/bin/cc  -fPIC     CMakeFiles/cmTC_f7fb1.dir/CheckSymbolExists.c.o  -o cmTC_f7fb1 -rdynamic 
CMakeFiles/cmTC_f7fb1.dir/CheckSymbolExists.c.o: In function `main':
CheckSymbolExists.c:(.text+0x1b): undefined reference to `pthread_create'
collect2: error: ld returned 1 exit status
CMakeFiles/cmTC_f7fb1.dir/build.make:97: recipe for target 'cmTC_f7fb1' failed
make[1]: *** [cmTC_f7fb1] Error 1
make[1]: Leaving directory '/usr/prakt/s156/cuda_ss17/Day1/Convolution/build_cmake/CMakeFiles/CMakeTmp'
Makefile:126: recipe for target 'cmTC_f7fb1/fast' failed
make: *** [cmTC_f7fb1/fast] Error 2

File /usr/prakt/s156/cuda_ss17/Day1/Convolution/build_cmake/CMakeFiles/CMakeTmp/CheckSymbolExists.c:
/* */
#include <pthread.h>

int main(int argc, char** argv)
{
  (void)argv;
#ifndef pthread_create
  return ((int*)(&pthread_create))[argc];
#else
  (void)argc;
  return 0;
#endif
}

Determining if the function pthread_create exists in the pthreads failed with the following output:
Change Dir: /usr/prakt/s156/cuda_ss17/Day1/Convolution/build_cmake/CMakeFiles/CMakeTmp

Run Build Command:"/usr/bin/make" "cmTC_6a9c0/fast"
/usr/bin/make -f CMakeFiles/cmTC_6a9c0.dir/build.make CMakeFiles/cmTC_6a9c0.dir/build
make[1]: Entering directory '/usr/prakt/s156/cuda_ss17/Day1/Convolution/build_cmake/CMakeFiles/CMakeTmp'
Building C object CMakeFiles/cmTC_6a9c0.dir/CheckFunctionExists.c.o
/usr/bin/cc    -fPIC -DCHECK_FUNCTION_EXISTS=pthread_create   -o CMakeFiles/cmTC_6a9c0.dir/CheckFunctionExists.c.o   -c /usr/share/cmake-3.5/Modules/CheckFunctionExists.c
Linking C executable cmTC_6a9c0
/usr/bin/cmake -E cmake_link_script CMakeFiles/cmTC_6a9c0.dir/link.txt --verbose=1
/usr/bin/cc  -fPIC -DCHECK_FUNCTION_EXISTS=pthread_create    CMakeFiles/cmTC_6a9c0.dir/CheckFunctionExists.c.o  -o cmTC_6a9c0 -rdynamic -lpthreads 
/usr/bin/ld: cannot find -lpthreads
collect2: error: ld returned 1 exit status
CMakeFiles/cmTC_6a9c0.dir/build.make:97: recipe for target 'cmTC_6a9c0' failed
make[1]: *** [cmTC_6a9c0] Error 1
make[1]: Leaving directory '/usr/prakt/s156/cuda_ss17/Day1/Convolution/build_cmake/CMakeFiles/CMakeTmp'
Makefile:126: recipe for target 'cmTC_6a9c0/fast' failed
make: *** [cmTC_6a9c0/fast] Error 2


