Determining if the pthread_create exist failed with the following output:
Change Dir: /usr/prakt/s156/cuda_ss17/Day4/Hist/build_cmake/CMakeFiles/CMakeTmp

Run Build Command:"/usr/bin/make" "cmTC_7efab/fast"
/usr/bin/make -f CMakeFiles/cmTC_7efab.dir/build.make CMakeFiles/cmTC_7efab.dir/build
make[1]: Entering directory '/usr/prakt/s156/cuda_ss17/Day4/Hist/build_cmake/CMakeFiles/CMakeTmp'
Building C object CMakeFiles/cmTC_7efab.dir/CheckSymbolExists.c.o
/usr/bin/cc    -fPIC    -o CMakeFiles/cmTC_7efab.dir/CheckSymbolExists.c.o   -c /usr/prakt/s156/cuda_ss17/Day4/Hist/build_cmake/CMakeFiles/CMakeTmp/CheckSymbolExists.c
Linking C executable cmTC_7efab
/usr/bin/cmake -E cmake_link_script CMakeFiles/cmTC_7efab.dir/link.txt --verbose=1
/usr/bin/cc  -fPIC     CMakeFiles/cmTC_7efab.dir/CheckSymbolExists.c.o  -o cmTC_7efab -rdynamic 
CMakeFiles/cmTC_7efab.dir/CheckSymbolExists.c.o: In function `main':
CheckSymbolExists.c:(.text+0x1b): undefined reference to `pthread_create'
collect2: error: ld returned 1 exit status
CMakeFiles/cmTC_7efab.dir/build.make:97: recipe for target 'cmTC_7efab' failed
make[1]: *** [cmTC_7efab] Error 1
make[1]: Leaving directory '/usr/prakt/s156/cuda_ss17/Day4/Hist/build_cmake/CMakeFiles/CMakeTmp'
Makefile:126: recipe for target 'cmTC_7efab/fast' failed
make: *** [cmTC_7efab/fast] Error 2

File /usr/prakt/s156/cuda_ss17/Day4/Hist/build_cmake/CMakeFiles/CMakeTmp/CheckSymbolExists.c:
/* */
#include <pthread.h>

int main(int argc, char** argv)
{
  (void)argv;
#ifndef pthread_create
  return ((int*)(&pthread_create))[argc];
#else
  (void)argc;
  return 0;
#endif
}

Determining if the function pthread_create exists in the pthreads failed with the following output:
Change Dir: /usr/prakt/s156/cuda_ss17/Day4/Hist/build_cmake/CMakeFiles/CMakeTmp

Run Build Command:"/usr/bin/make" "cmTC_a65cb/fast"
/usr/bin/make -f CMakeFiles/cmTC_a65cb.dir/build.make CMakeFiles/cmTC_a65cb.dir/build
make[1]: Entering directory '/usr/prakt/s156/cuda_ss17/Day4/Hist/build_cmake/CMakeFiles/CMakeTmp'
Building C object CMakeFiles/cmTC_a65cb.dir/CheckFunctionExists.c.o
/usr/bin/cc    -fPIC -DCHECK_FUNCTION_EXISTS=pthread_create   -o CMakeFiles/cmTC_a65cb.dir/CheckFunctionExists.c.o   -c /usr/share/cmake-3.5/Modules/CheckFunctionExists.c
Linking C executable cmTC_a65cb
/usr/bin/cmake -E cmake_link_script CMakeFiles/cmTC_a65cb.dir/link.txt --verbose=1
/usr/bin/cc  -fPIC -DCHECK_FUNCTION_EXISTS=pthread_create    CMakeFiles/cmTC_a65cb.dir/CheckFunctionExists.c.o  -o cmTC_a65cb -rdynamic -lpthreads 
/usr/bin/ld: cannot find -lpthreads
collect2: error: ld returned 1 exit status
CMakeFiles/cmTC_a65cb.dir/build.make:97: recipe for target 'cmTC_a65cb' failed
make[1]: *** [cmTC_a65cb] Error 1
make[1]: Leaving directory '/usr/prakt/s156/cuda_ss17/Day4/Hist/build_cmake/CMakeFiles/CMakeTmp'
Makefile:126: recipe for target 'cmTC_a65cb/fast' failed
make: *** [cmTC_a65cb/fast] Error 2


